Web / API server started at http://localhost:4000
d [FetchError]: request to http://localhost:4400/emulators failed, reason: connect ECONNREFUSED ::1:4400
    at ClientRequest.<anonymous> (/home/user/.cache/firebase/emulators/ui-v1.4.1/server.bundle.js:326:16793)
    at ClientRequest.emit (node:events:376:20)
    at Socket.socketErrorListener (node:_http_client:474:9)
    at Socket.emit (node:events:376:20)
    at emitErrorNT (node:internal/streams/destroy:188:8)
    at emitErrorCloseNT (node:internal/streams/destroy:153:3)
    at processTicksAndRejections (node:internal/process/task_queues:80:21) {
  type: 'system',
  errno: 'ECONNREFUSED',
  code: 'ECONNREFUSED'
}
d [FetchError]: request to http://localhost:4400/emulators failed, reason: connect ECONNREFUSED ::1:4400
    at ClientRequest.<anonymous> (/home/user/.cache/firebase/emulators/ui-v1.4.1/server.bundle.js:326:16793)
    at ClientRequest.emit (node:events:376:20)
    at Socket.socketErrorListener (node:_http_client:474:9)
    at Socket.emit (node:events:376:20)
    at emitErrorNT (node:internal/streams/destroy:188:8)
    at emitErrorCloseNT (node:internal/streams/destroy:153:3)
    at processTicksAndRejections (node:internal/process/task_queues:80:21) {
  type: 'system',
  errno: 'ECONNREFUSED',
  code: 'ECONNREFUSED'
}
